TN:
SF:js/filter-logic.js
FN:17,matchesFilters
FN:36,applyFilters
FN:37,(anonymous_2)
FNF:3
FNH:3
FNDA:49,matchesFilters
FNDA:9,applyFilters
FNDA:24,(anonymous_2)
DA:18,49
DA:19,49
DA:20,49
DA:21,49
DA:22,49
DA:26,49
DA:37,24
DA:41,1
DA:42,1
DA:46,1
DA:47,0
LF:11
LH:10
BRDA:19,0,0,20
BRDA:19,0,1,29
BRDA:19,1,0,20
BRDA:19,1,1,20
BRDA:20,2,0,10
BRDA:20,2,1,39
BRDA:20,3,0,10
BRDA:20,3,1,10
BRDA:21,4,0,11
BRDA:21,4,1,38
BRDA:21,5,0,11
BRDA:21,5,1,10
BRDA:22,6,0,10
BRDA:22,6,1,39
BRDA:22,7,0,10
BRDA:22,7,1,10
BRDA:22,7,2,7
BRDA:41,8,0,1
BRDA:41,8,1,0
BRDA:41,9,0,1
BRDA:41,9,1,1
BRDA:46,10,0,0
BRDA:46,10,1,1
BRF:23
BRH:21
end_of_record
TN:
SF:js/papers-logic.js
FN:124,createPapersStore
FN:127,getExtra
FN:132,saveExtra
FN:136,getPapers
FN:140,addPaper
FN:148,updatePaper
FN:150,(anonymous_6)
FN:157,deletePaper
FN:159,(anonymous_8)
FN:164,isSeedPaper
FN:165,(anonymous_10)
FN:168,getStats
FN:172,(anonymous_12)
FN:173,(anonymous_13)
FN:174,(anonymous_14)
FNF:15
FNH:15
FNDA:34,createPapersStore
FNDA:48,getExtra
FNDA:22,saveExtra
FNDA:23,getPapers
FNDA:17,addPaper
FNDA:5,updatePaper
FNDA:2,(anonymous_6)
FNDA:23,deletePaper
FNDA:3,(anonymous_8)
FNDA:46,isSeedPaper
FNDA:514,(anonymous_10)
FNDA:9,getStats
FNDA:174,(anonymous_12)
FNDA:174,(anonymous_13)
FNDA:174,(anonymous_14)
DA:8,1
DA:122,1
DA:125,34
DA:128,48
DA:129,1
DA:133,22
DA:137,23
DA:141,17
DA:142,17
DA:143,17
DA:144,17
DA:145,17
DA:149,5
DA:150,5
DA:151,5
DA:152,2
DA:153,2
DA:154,2
DA:158,23
DA:159,3
DA:160,3
DA:161,3
DA:165,514
DA:169,9
DA:170,9
DA:172,174
DA:173,174
DA:174,174
DA:178,34
DA:182,1
DA:183,1
DA:187,1
DA:188,0
LF:33
LH:32
BRDA:128,0,0,48
BRDA:128,0,1,30
BRDA:151,1,0,3
BRDA:151,1,1,2
BRDA:158,2,0,20
BRDA:158,2,1,3
BRDA:182,3,0,1
BRDA:182,3,1,0
BRDA:182,4,0,1
BRDA:182,4,1,1
BRDA:187,5,0,0
BRDA:187,5,1,1
BRF:12
BRH:10
end_of_record
TN:
SF:js/utils.js
FN:15,escHtml
FNF:1
FNH:1
FNDA:15,escHtml
DA:16,15
DA:20,5
DA:23,13
DA:31,1
DA:32,1
DA:36,1
DA:37,0
LF:7
LH:6
BRDA:16,0,0,5
BRDA:16,0,1,10
BRDA:16,1,0,15
BRDA:16,1,1,14
BRDA:16,1,2,13
BRDA:16,1,3,12
BRDA:16,1,4,11
BRDA:20,2,0,2
BRDA:20,2,1,3
BRDA:20,3,0,5
BRDA:20,3,1,4
BRDA:31,4,0,1
BRDA:31,4,1,0
BRDA:31,5,0,1
BRDA:31,5,1,1
BRDA:36,6,0,0
BRDA:36,6,1,1
BRF:17
BRH:15
end_of_record
TN:
SF:js/validate-logic.js
FN:20,validateFormData
FN:24,(anonymous_1)
FN:44,(anonymous_2)
FNF:3
FNH:3
FNDA:24,validateFormData
FNDA:144,(anonymous_1)
FNDA:10,(anonymous_2)
DA:7,1
DA:21,24
DA:24,24
DA:25,144
DA:26,144
DA:30,24
DA:31,24
DA:32,21
DA:33,21
DA:34,21
DA:35,18
DA:37,3
DA:39,21
DA:41,6
DA:44,15
DA:48,24
DA:52,1
DA:53,1
DA:57,1
DA:58,0
LF:20
LH:19
BRDA:25,0,0,144
BRDA:25,0,1,22
BRDA:26,1,0,23
BRDA:26,1,1,121
BRDA:30,2,0,24
BRDA:30,2,1,3
BRDA:31,3,0,21
BRDA:31,3,1,3
BRDA:35,4,0,18
BRDA:35,4,1,17
BRDA:39,5,0,6
BRDA:39,5,1,15
BRDA:41,6,0,6
BRDA:41,6,1,0
BRDA:52,7,0,1
BRDA:52,7,1,0
BRDA:52,8,0,1
BRDA:52,8,1,1
BRDA:57,9,0,0
BRDA:57,9,1,1
BRF:20
BRH:17
end_of_record
